INFO: 07-19 12:05:52: config_load.py:65 * 140735144682240 Read spider config file success.
INFO: 07-19 12:05:52: spider.py:87 * 140735144682240 spider spider_1 initialized.
INFO: 07-19 12:05:52: mini_spider.py:91 * 140735144682240 Finished crawling all pages
INFO: 07-19 12:05:53: page_util.py:110 * 4362117120 spider_1 begin to crawl url http://pycm.baidu.com:8081
INFO: 07-19 12:05:53: page_util.py:150 * 4362117120 spider_1 finished crawling url http://pycm.baidu.com:8081
INFO: 07-19 12:05:58: page_util.py:110 * 4362117120 spider_1 begin to crawl url http://pycm.baidu.com:8081/page1.html
INFO: 07-19 12:05:58: page_util.py:150 * 4362117120 spider_1 finished crawling url http://pycm.baidu.com:8081/page1.html
INFO: 07-19 12:06:01: page_util.py:95 * 4362117120 File: http%3A%2F%2Fpycm.baidu.com%3A8081%2Fpage1.html is saved in ../output
INFO: 07-19 12:06:03: page_util.py:110 * 4362117120 spider_1 begin to crawl url http://pycm.baidu.com:8081/page2.html
INFO: 07-19 12:06:03: page_util.py:150 * 4362117120 spider_1 finished crawling url http://pycm.baidu.com:8081/page2.html
INFO: 07-19 12:06:07: page_util.py:95 * 4362117120 File: http%3A%2F%2Fpycm.baidu.com%3A8081%2Fpage2.html is saved in ../output
INFO: 07-19 12:06:09: page_util.py:110 * 4362117120 spider_1 begin to crawl url http://pycm.baidu.com:8081/page3.html
INFO: 07-19 12:06:09: page_util.py:150 * 4362117120 spider_1 finished crawling url http://pycm.baidu.com:8081/page3.html
INFO: 07-19 12:06:11: page_util.py:95 * 4362117120 File: http%3A%2F%2Fpycm.baidu.com%3A8081%2Fpage3.html is saved in ../output
INFO: 07-19 12:06:13: page_util.py:110 * 4362117120 spider_1 begin to crawl url http://pycm.baidu.com:8081/mirror/index.html
INFO: 07-19 12:06:13: page_util.py:150 * 4362117120 spider_1 finished crawling url http://pycm.baidu.com:8081/mirror/index.html
INFO: 07-19 12:06:15: page_util.py:95 * 4362117120 File: http%3A%2F%2Fpycm.baidu.com%3A8081%2Fmirror%2Findex.html is saved in ../output
INFO: 07-19 12:06:17: page_util.py:110 * 4362117120 spider_1 begin to crawl url http://pycm.baidu.com:8081/1/page1_4.html
ERROR: 07-19 12:06:17: page_util.py:128 * 4362117120 open url http://pycm.baidu.com:8081/1/page1_4.html with urlopen but return null
INFO: 07-19 12:06:19: page_util.py:110 * 4362117120 spider_1 begin to crawl url http://pycm.baidu.com:8081/1/page1_1.html
INFO: 07-19 12:06:19: page_util.py:150 * 4362117120 spider_1 finished crawling url http://pycm.baidu.com:8081/1/page1_1.html
INFO: 07-19 12:06:21: page_util.py:95 * 4362117120 File: http%3A%2F%2Fpycm.baidu.com%3A8081%2F1%2Fpage1_1.html is saved in ../output
INFO: 07-19 12:06:23: page_util.py:110 * 4362117120 spider_1 begin to crawl url http://pycm.baidu.com:8081/1/page1_2.html
INFO: 07-19 12:06:23: page_util.py:150 * 4362117120 spider_1 finished crawling url http://pycm.baidu.com:8081/1/page1_2.html
INFO: 07-19 12:06:25: page_util.py:95 * 4362117120 File: http%3A%2F%2Fpycm.baidu.com%3A8081%2F1%2Fpage1_2.html is saved in ../output
INFO: 07-19 12:06:27: page_util.py:110 * 4362117120 spider_1 begin to crawl url http://pycm.baidu.com:8081/1/page1_3.html
ERROR: 07-19 12:06:27: page_util.py:128 * 4362117120 open url http://pycm.baidu.com:8081/1/page1_3.html with urlopen but return null
INFO: 07-19 12:06:29: page_util.py:110 * 4362117120 spider_1 begin to crawl url http://pycm.baidu.com:8081/page2_1.html
INFO: 07-19 12:06:29: page_util.py:150 * 4362117120 spider_1 finished crawling url http://pycm.baidu.com:8081/page2_1.html
INFO: 07-19 12:06:30: page_util.py:95 * 4362117120 File: http%3A%2F%2Fpycm.baidu.com%3A8081%2Fpage2_1.html is saved in ../output
INFO: 07-19 12:06:32: page_util.py:110 * 4362117120 spider_1 begin to crawl url http://pycm.baidu.com:8081/2/index.html
INFO: 07-19 12:06:32: page_util.py:150 * 4362117120 spider_1 finished crawling url http://pycm.baidu.com:8081/2/index.html
INFO: 07-19 12:06:37: page_util.py:95 * 4362117120 File: http%3A%2F%2Fpycm.baidu.com%3A8081%2F2%2Findex.html is saved in ../output
INFO: 07-19 12:06:39: page_util.py:110 * 4362117120 spider_1 begin to crawl url http://pycm.baidu.com:8081/3/page3_1.html
INFO: 07-19 12:06:39: page_util.py:150 * 4362117120 spider_1 finished crawling url http://pycm.baidu.com:8081/3/page3_1.html
INFO: 07-19 12:06:39: page_util.py:95 * 4362117120 File: http%3A%2F%2Fpycm.baidu.com%3A8081%2F3%2Fpage3_1.html is saved in ../output
INFO: 07-19 12:06:42: page_util.py:110 * 4362117120 spider_1 begin to crawl url http://pycm.baidu.com:8081/3/page3_4.html
INFO: 07-19 12:06:42: page_util.py:150 * 4362117120 spider_1 finished crawling url http://pycm.baidu.com:8081/3/page3_4.html
INFO: 07-19 12:06:42: page_util.py:95 * 4362117120 File: http%3A%2F%2Fpycm.baidu.com%3A8081%2F3%2Fpage3_4.html is saved in ../output
INFO: 07-19 12:06:44: page_util.py:110 * 4362117120 spider_1 begin to crawl url http://pycm.baidu.com:8081/mirror/page1.html
INFO: 07-19 12:06:44: page_util.py:150 * 4362117120 spider_1 finished crawling url http://pycm.baidu.com:8081/mirror/page1.html
INFO: 07-19 12:06:44: page_util.py:95 * 4362117120 File: http%3A%2F%2Fpycm.baidu.com%3A8081%2Fmirror%2Fpage1.html is saved in ../output
INFO: 07-19 12:06:46: page_util.py:110 * 4362117120 spider_1 begin to crawl url http://pycm.baidu.com:8081/mirror/page2.html
INFO: 07-19 12:06:46: page_util.py:150 * 4362117120 spider_1 finished crawling url http://pycm.baidu.com:8081/mirror/page2.html
INFO: 07-19 12:06:46: page_util.py:95 * 4362117120 File: http%3A%2F%2Fpycm.baidu.com%3A8081%2Fmirror%2Fpage2.html is saved in ../output
INFO: 07-19 12:06:48: page_util.py:110 * 4362117120 spider_1 begin to crawl url http://pycm.baidu.com:8081/mirror/page3.html
INFO: 07-19 12:06:48: page_util.py:150 * 4362117120 spider_1 finished crawling url http://pycm.baidu.com:8081/mirror/page3.html
INFO: 07-19 12:06:48: page_util.py:95 * 4362117120 File: http%3A%2F%2Fpycm.baidu.com%3A8081%2Fmirror%2Fpage3.html is saved in ../output
INFO: 07-19 12:06:50: page_util.py:110 * 4362117120 spider_1 begin to crawl url http://pycm.baidu.com:8081/mirror/mirror/index.html
INFO: 07-19 12:06:50: page_util.py:150 * 4362117120 spider_1 finished crawling url http://pycm.baidu.com:8081/mirror/mirror/index.html
INFO: 07-19 12:06:50: page_util.py:95 * 4362117120 File: http%3A%2F%2Fpycm.baidu.com%3A8081%2Fmirror%2Fmirror%2Findex.html is saved in ../output
INFO: 07-19 12:06:51: spider.py:109 * 4362117120 spider_1 wait for url in urls queue
